This file contains any messages produced by compilers while
running configure, to aid debugging if configure makes a mistake.

configure:611: checking for a BSD compatible install
configure:664: checking whether build environment is sane
configure:721: checking whether make sets ${MAKE}
configure:767: checking for working aclocal
configure:780: checking for working autoconf
configure:793: checking for working automake
configure:806: checking for working autoheader
configure:819: checking for working makeinfo
configure:839: checking whether to enable maintainer-specific portions of Makefiles
configure:890: checking for gcc
configure:1003: checking whether the C compiler (gcc  ) works
configure:1019: gcc -o conftest    conftest.c  1>&5
configure:1016:1: warning: return type defaults to 'int' [-Wimplicit-int]
 main(){return(0);}
 ^~~~
configure:1045: checking whether the C compiler (gcc  ) is a cross-compiler
configure:1050: checking whether we are using GNU C
configure:1059: gcc -E conftest.c
configure:1078: checking whether gcc accepts -g
configure:1110: checking how to run the C preprocessor
configure:1131: gcc -E  conftest.c >/dev/null 2>conftest.out
configure:1190: checking for AIX
configure:1214: checking for POSIXized ISC
configure:1235: checking for Cygwin environment
configure:1251: gcc -c -g -O2  conftest.c 1>&5
configure: In function 'main':
configure:1245:20: error: '__CYGWIN32__' undeclared (first use in this function); did you mean '__CYGWIN__'?
 #define __CYGWIN__ __CYGWIN32__
                    ^
configure:1247:8: note: in expansion of macro '__CYGWIN__'
 return __CYGWIN__;
        ^~~~~~~~~~
configure:1245:20: note: each undeclared identifier is reported only once for each function it appears in
 #define __CYGWIN__ __CYGWIN32__
                    ^
configure:1247:8: note: in expansion of macro '__CYGWIN__'
 return __CYGWIN__;
        ^~~~~~~~~~
configure: failed program was:
#line 1240 "configure"
#include "confdefs.h"

int main() {

#ifndef __CYGWIN__
#define __CYGWIN__ __CYGWIN32__
#endif
return __CYGWIN__;
; return 0; }
configure:1268: checking for mingw32 environment
configure:1280: gcc -c -g -O2  conftest.c 1>&5
configure: In function 'main':
configure:1276:8: error: '__MINGW32__' undeclared (first use in this function); did you mean '__INT32_C'?
 return __MINGW32__;
        ^~~~~~~~~~~
        __INT32_C
configure:1276:8: note: each undeclared identifier is reported only once for each function it appears in
configure: failed program was:
#line 1273 "configure"
#include "confdefs.h"

int main() {
return __MINGW32__;
; return 0; }
configure:1299: checking for executable suffix
configure:1309: gcc -o conftest -g -O2   conftest.c  1>&5
configure:1331: checking size of short
configure:1350: gcc -o conftest -g -O2   conftest.c  1>&5
configure:1341:1: warning: return type defaults to 'int' [-Wimplicit-int]
 main()
 ^~~~
configure: In function 'main':
configure:1344:11: warning: implicit declaration of function 'exit' [-Wimplicit-function-declaration]
   if (!f) exit(1);
           ^~~~
configure:1344:11: warning: incompatible implicit declaration of built-in function 'exit'
configure:1344:11: note: include '<stdlib.h>' or provide a declaration of 'exit'
configure:1345:14: warning: format '%d' expects argument of type 'int', but argument 3 has type 'long unsigned int' [-Wformat=]
   fprintf(f, "%d\n", sizeof(short));
              ^~~~~~
configure:1346:3: warning: incompatible implicit declaration of built-in function 'exit'
   exit(0);
   ^~~~
configure:1346:3: note: include '<stdlib.h>' or provide a declaration of 'exit'
configure:1370: checking size of int
configure:1389: gcc -o conftest -g -O2   conftest.c  1>&5
configure:1380:1: warning: return type defaults to 'int' [-Wimplicit-int]
 main()
 ^~~~
configure: In function 'main':
configure:1383:11: warning: implicit declaration of function 'exit' [-Wimplicit-function-declaration]
   if (!f) exit(1);
           ^~~~
configure:1383:11: warning: incompatible implicit declaration of built-in function 'exit'
configure:1383:11: note: include '<stdlib.h>' or provide a declaration of 'exit'
configure:1384:14: warning: format '%d' expects argument of type 'int', but argument 3 has type 'long unsigned int' [-Wformat=]
   fprintf(f, "%d\n", sizeof(int));
              ^~~~~~
configure:1385:3: warning: incompatible implicit declaration of built-in function 'exit'
   exit(0);
   ^~~~
configure:1385:3: note: include '<stdlib.h>' or provide a declaration of 'exit'
configure:1409: checking size of long
configure:1428: gcc -o conftest -g -O2   conftest.c  1>&5
configure:1419:1: warning: return type defaults to 'int' [-Wimplicit-int]
 main()
 ^~~~
configure: In function 'main':
configure:1422:11: warning: implicit declaration of function 'exit' [-Wimplicit-function-declaration]
   if (!f) exit(1);
           ^~~~
configure:1422:11: warning: incompatible implicit declaration of built-in function 'exit'
configure:1422:11: note: include '<stdlib.h>' or provide a declaration of 'exit'
configure:1423:14: warning: format '%d' expects argument of type 'int', but argument 3 has type 'long unsigned int' [-Wformat=]
   fprintf(f, "%d\n", sizeof(long));
              ^~~~~~
configure:1424:3: warning: incompatible implicit declaration of built-in function 'exit'
   exit(0);
   ^~~~
configure:1424:3: note: include '<stdlib.h>' or provide a declaration of 'exit'
configure:1449: checking if malloc debugging is wanted
configure:1475: checking for bison
configure:1517: checking for a BSD compatible install
configure:1570: checking whether ln -s works
configure:1593: checking for ranlib
configure:1624: checking for texi2html
configure:1663: checking for perl
configure:1716: checking for gcc option to accept ANSI C
configure:1769: gcc  -c -g -O2  conftest.c 1>&5
configure:1795: checking for function prototypes
configure:1955: checking for waddch in -lncurses
configure:1974: gcc -o conftest -g -O2   conftest.c -lncurses  -L/usr/local/lib   1>&5
configure:2147: checking for ncurses.h
configure:2157: gcc -E  conftest.c >/dev/null 2>conftest.out
configure:2186: checking for sys_errlist and sys_nerr
configure:2199: gcc -o conftest -g -O2   conftest.c -lncurses -L/usr/local/lib   1>&5
configure: In function 'main':
configure:2195:15: warning: initialization discards 'const' qualifier from pointer target type [-Wdiscarded-qualifiers]
   char *msg = sys_errlist[sys_nerr - 1];
               ^~~~~~~~~~~
configure:2219: checking for tputs in -lmytinfo
configure:2238: gcc -o conftest -g -O2   conftest.c -lmytinfo  -lncurses -L/usr/local/lib   1>&5
/usr/bin/ld: cannot find -lmytinfo
collect2: error: ld returned 1 exit status
configure: failed program was:
#line 2227 "configure"
#include "confdefs.h"
/* Override any gcc2 internal prototype to avoid an error.  */
/* We use char because int might match the return type of a gcc2
    builtin and then its argument prototype would still apply.  */
char tputs();

int main() {
tputs()
; return 0; }
configure:2267: checking for setlocale in -lxpg4
configure:2286: gcc -o conftest -g -O2   conftest.c -lxpg4  -lncurses -L/usr/local/lib   1>&5
/usr/bin/ld: cannot find -lxpg4
collect2: error: ld returned 1 exit status
configure: failed program was:
#line 2275 "configure"
#include "confdefs.h"
/* Override any gcc2 internal prototype to avoid an error.  */
/* We use char because int might match the return type of a gcc2
    builtin and then its argument prototype would still apply.  */
char setlocale();

int main() {
setlocale()
; return 0; }
configure:2315: checking for main in -lm
configure:2330: gcc -o conftest -g -O2   conftest.c -lm  -lncurses -L/usr/local/lib   1>&5
configure:2363: checking for X
configure:2430: gcc -E  conftest.c >/dev/null 2>conftest.out
configure:2506: gcc -o conftest -g -O2   conftest.c -lXt -lm -lncurses -L/usr/local/lib   1>&5
configure: In function 'main':
configure:2502:1: warning: implicit declaration of function 'XtMalloc' [-Wimplicit-function-declaration]
 ${x_direct_test_function}()
 ^~~~~~~~
configure:2677: checking for dnet_ntoa in -ldnet
configure:2696: gcc -o conftest -g -O2   conftest.c -ldnet  -lm -lncurses -L/usr/local/lib   1>&5
/usr/bin/ld: cannot find -ldnet
collect2: error: ld returned 1 exit status
configure: failed program was:
#line 2685 "configure"
#include "confdefs.h"
/* Override any gcc2 internal prototype to avoid an error.  */
/* We use char because int might match the return type of a gcc2
    builtin and then its argument prototype would still apply.  */
char dnet_ntoa();

int main() {
dnet_ntoa()
; return 0; }
configure:2718: checking for dnet_ntoa in -ldnet_stub
configure:2737: gcc -o conftest -g -O2   conftest.c -ldnet_stub  -lm -lncurses -L/usr/local/lib   1>&5
/usr/bin/ld: cannot find -ldnet_stub
collect2: error: ld returned 1 exit status
configure: failed program was:
#line 2726 "configure"
#include "confdefs.h"
/* Override any gcc2 internal prototype to avoid an error.  */
/* We use char because int might match the return type of a gcc2
    builtin and then its argument prototype would still apply.  */
char dnet_ntoa();

int main() {
dnet_ntoa()
; return 0; }
configure:2766: checking for gethostbyname
configure:2794: gcc -o conftest -g -O2   conftest.c -lm -lncurses -L/usr/local/lib   1>&5
configure:2864: checking for connect
configure:2892: gcc -o conftest -g -O2   conftest.c -lm -lncurses -L/usr/local/lib   1>&5
configure:2956: checking for remove
configure:2984: gcc -o conftest -g -O2   conftest.c -lm -lncurses -L/usr/local/lib   1>&5
configure:3048: checking for shmat
configure:3076: gcc -o conftest -g -O2   conftest.c -lm -lncurses -L/usr/local/lib   1>&5
configure:3149: checking for IceConnectionNumber in -lICE
configure:3168: gcc -o conftest -g -O2   conftest.c -lICE  -lm -lncurses -L/usr/local/lib   1>&5
configure:3238: checking for Motif
configure:3268: gcc -c -g -O2   conftest.c 1>&5
configure:3340: gcc -o conftest -g -O2     conftest.c  -lSM -lICE -lXm -lXt -lX11  -lm -lncurses -L/usr/local/lib   1>&5
configure:3466: checking for Xbae
configure:3493: gcc -c   -g -O2    conftest.c 1>&5
configure:3574: gcc -o conftest    -g -O2      conftest.c -lXbae -lm -lXm   -lSM -lICE -lXt -lX11  -lm -lncurses -L/usr/local/lib   1>&5
configure:3650: gcc -o conftest    -g -O2      conftest.c -lXbae -lm -lXm   -lSM -lICE -lXt -lX11  -lm -lncurses -L/usr/local/lib   1>&5
configure:3724: checking for XmHTML
configure:3752: gcc -c  -g -O2   conftest.c 1>&5
configure:3746:10: fatal error: XmHTML/XmHTML.h: No such file or directory
 #include <XmHTML/XmHTML.h>
          ^~~~~~~~~~~~~~~~~
compilation terminated.
configure: failed program was:
#line 3745 "configure"
#include "confdefs.h"
#include <XmHTML/XmHTML.h>
int main() {
int a;
; return 0; }
configure:3826: gcc -o conftest  -g -O2     conftest.c  -lSM -lICE -lXmHTML -lXm -lXt -lX11  -lm -lncurses -L/usr/local/lib   1>&5
configure:3820:10: fatal error: XmHTML/XmHTML.h: No such file or directory
 #include <XmHTML/XmHTML.h>
          ^~~~~~~~~~~~~~~~~
compilation terminated.
configure: failed program was:
#line 3819 "configure"
#include "confdefs.h"
#include <XmHTML/XmHTML.h>
int main() {
XmCreateHTML();
; return 0; }
configure:3986: checking for Xpm
configure:4013: gcc -c  -g -O2   conftest.c 1>&5
configure:4094: gcc -o conftest   -g -O2     conftest.c -lXpm  -lX11  -lm -lncurses -L/usr/local/lib   1>&5
configure:4170: gcc -o conftest   -g -O2     conftest.c -lXpm -lXpm  -lX11  -lm -lncurses -L/usr/local/lib   1>&5
configure:4244: checking for Xlt
configure:4271: gcc -c    -g -O2     conftest.c 1>&5
configure:4265:10: fatal error: Xlt/Xlt.h: No such file or directory
 #include <Xlt/Xlt.h>
          ^~~~~~~~~~~
compilation terminated.
configure: failed program was:
#line 4264 "configure"
#include "confdefs.h"
#include <Xlt/Xlt.h>
int main() {
int a;
; return 0; }
configure:4352: gcc -o conftest     -g -O2       conftest.c -lXlt -lm -lXm   -lSM -lICE -lXt -lXpm -lX11  -lm -lncurses -L/usr/local/lib   1>&5
configure:4346:10: fatal error: Xlt/Xlt.h: No such file or directory
 #include <Xlt/Xlt.h>
          ^~~~~~~~~~~
compilation terminated.
configure: failed program was:
#line 4345 "configure"
#include "confdefs.h"
#include <Xlt/Xlt.h>
int main() {
Widget w; XltRedirectStdErr(w);
; return 0; }
configure:4428: gcc -o conftest     -g -O2       conftest.c -lXlt -lm -lXm   -lSM -lICE -lXt -lXpm -lX11  -lm -lncurses -L/usr/local/lib   1>&5
configure:4422:10: fatal error: Xlt/Xlt.h: No such file or directory
 #include <Xlt/Xlt.h>
          ^~~~~~~~~~~
compilation terminated.
configure: failed program was:
#line 4421 "configure"
#include "confdefs.h"
#include <Xlt/Xlt.h>
int main() {
Widget w; XltRedirectStdErr(w);
; return 0; }
configure:4504: checking for SciPlot
configure:4532: gcc -c  -g -O2   conftest.c 1>&5
configure:4526:10: fatal error: SciPlot/SciPlot.h: No such file or directory
 #include <SciPlot/SciPlot.h>
          ^~~~~~~~~~~~~~~~~~~
compilation terminated.
configure: failed program was:
#line 4525 "configure"
#include "confdefs.h"
#include <SciPlot/SciPlot.h>
int main() {
int a;
; return 0; }
configure:4606: gcc -o conftest  -g -O2     conftest.c  -lSM -lICE -lSciPlot -lXm -lXt -lX11  -lm -lncurses -L/usr/local/lib   1>&5
configure:4600:10: fatal error: SciPlot/SciPlot.h: No such file or directory
 #include <SciPlot/SciPlot.h>
          ^~~~~~~~~~~~~~~~~~~
compilation terminated.
configure: failed program was:
#line 4599 "configure"
#include "confdefs.h"
#include <SciPlot/SciPlot.h>
int main() {
SciPlotQuickUpdate();
; return 0; }
configure:4686: checking for main in -lXpm
configure:4701: gcc -o conftest   -g -O2   conftest.c -lXpm  -lXm   -lSM -lICE -lXt -lX11  -lm -lncurses -L/usr/local/lib   1>&5
configure:4747: checking for pl_openpl_r in -lplot
configure:4766: gcc -o conftest   -g -O2   conftest.c -lplot  -lXpm -lXm   -lSM -lICE -lXt -lX11  -lm -lncurses -L/usr/local/lib   1>&5
/usr/bin/ld: cannot find -lplot
collect2: error: ld returned 1 exit status
configure: failed program was:
#line 4755 "configure"
#include "confdefs.h"
/* Override any gcc2 internal prototype to avoid an error.  */
/* We use char because int might match the return type of a gcc2
    builtin and then its argument prototype would still apply.  */
char pl_openpl_r();

int main() {
pl_openpl_r()
; return 0; }
configure:4792: checking for sp_begin_plot in -lsciplot
configure:4811: gcc -o conftest   -g -O2   conftest.c -lsciplot  -lXpm -lXm   -lSM -lICE -lXt -lX11  -lm -lncurses -L/usr/local/lib   1>&5
/usr/bin/ld: cannot find -lsciplot
collect2: error: ld returned 1 exit status
configure: failed program was:
#line 4800 "configure"
#include "confdefs.h"
/* Override any gcc2 internal prototype to avoid an error.  */
/* We use char because int might match the return type of a gcc2
    builtin and then its argument prototype would still apply.  */
char sp_begin_plot();

int main() {
sp_begin_plot()
; return 0; }
configure:4873: checking for dirent.h that defines DIR
configure:4886: gcc -c   -g -O2  conftest.c 1>&5
configure:4911: checking for opendir in -ldir
configure:4930: gcc -o conftest   -g -O2   conftest.c -ldir  -lXpm -lXm   -lSM -lICE -lXt -lX11  -lm -lncurses -L/usr/local/lib   1>&5
/usr/bin/ld: cannot find -ldir
collect2: error: ld returned 1 exit status
configure: failed program was:
#line 4919 "configure"
#include "confdefs.h"
/* Override any gcc2 internal prototype to avoid an error.  */
/* We use char because int might match the return type of a gcc2
    builtin and then its argument prototype would still apply.  */
char opendir();

int main() {
opendir()
; return 0; }
configure:4994: checking for ANSI C header files
configure:5007: gcc -E  conftest.c >/dev/null 2>conftest.out
configure:5074: gcc -o conftest   -g -O2   conftest.c -lXpm -lXm   -lSM -lICE -lXt -lX11  -lm -lncurses -L/usr/local/lib   1>&5
configure: In function 'main':
configure:5069:67: warning: implicit declaration of function 'exit' [-Wimplicit-function-declaration]
 if (XOR (islower (i), ISLOWER (i)) || toupper (i) != TOUPPER (i)) exit(2);
                                                                   ^~~~
configure:5069:67: warning: incompatible implicit declaration of built-in function 'exit'
configure:5069:67: note: include '<stdlib.h>' or provide a declaration of 'exit'
configure:5070:1: warning: incompatible implicit declaration of built-in function 'exit'
 exit (0); }
 ^~~~
configure:5070:1: note: include '<stdlib.h>' or provide a declaration of 'exit'
configure:5101: checking for fcntl.h
configure:5111: gcc -E  conftest.c >/dev/null 2>conftest.out
configure:5101: checking for limits.h
configure:5111: gcc -E  conftest.c >/dev/null 2>conftest.out
configure:5101: checking for malloc.h
configure:5111: gcc -E  conftest.c >/dev/null 2>conftest.out
configure:5101: checking for strings.h
configure:5111: gcc -E  conftest.c >/dev/null 2>conftest.out
configure:5101: checking for sys/time.h
configure:5111: gcc -E  conftest.c >/dev/null 2>conftest.out
configure:5101: checking for unistd.h
configure:5111: gcc -E  conftest.c >/dev/null 2>conftest.out
configure:5141: checking for locale.h
configure:5151: gcc -E  conftest.c >/dev/null 2>conftest.out
configure:5141: checking for time.h
configure:5151: gcc -E  conftest.c >/dev/null 2>conftest.out
configure:5141: checking for math.h
configure:5151: gcc -E  conftest.c >/dev/null 2>conftest.out
configure:5141: checking for libintl.h
configure:5151: gcc -E  conftest.c >/dev/null 2>conftest.out
configure:5179: checking for XltCreateFontChooser
configure:5207: gcc -o conftest   -g -O2   conftest.c -lXpm -lXm   -lSM -lICE -lXt -lX11  -lm -lncurses -L/usr/local/lib   1>&5
/tmp/ccNsKdKJ.o: In function `main':
/home/edmond/software/oleo-1.99.16/configure:5201: undefined reference to `XltCreateFontChooser'
collect2: error: ld returned 1 exit status
configure: failed program was:
#line 5184 "configure"
#include "confdefs.h"
/* System header to define __stub macros and hopefully few prototypes,
    which can conflict with char XltCreateFontChooser(); below.  */
#include <assert.h>
/* Override any gcc2 internal prototype to avoid an error.  */
/* We use char because int might match the return type of a gcc2
    builtin and then its argument prototype would still apply.  */
char XltCreateFontChooser();

int main() {

/* The GNU C library defines this for functions which it implements
    to always fail with ENOSYS.  Some functions are actually named
    something starting with __ and the normal name is an alias.  */
#if defined (__stub_XltCreateFontChooser) || defined (__stub___XltCreateFontChooser)
choke me
#else
XltCreateFontChooser();
#endif

; return 0; }
configure:5231: checking for gsl_error in -lgsl
configure:5250: gcc -o conftest   -g -O2   conftest.c -lgsl -lgslblas -lXpm -lXm   -lSM -lICE -lXt -lX11  -lm -lncurses -L/usr/local/lib   1>&5
/usr/bin/ld: cannot find -lgsl
/usr/bin/ld: cannot find -lgslblas
collect2: error: ld returned 1 exit status
configure: failed program was:
#line 5239 "configure"
#include "confdefs.h"
/* Override any gcc2 internal prototype to avoid an error.  */
/* We use char because int might match the return type of a gcc2
    builtin and then its argument prototype would still apply.  */
char gsl_error();

int main() {
gsl_error()
; return 0; }
configure:5276: checking for mysql_connect in -lmysqlclient
configure:5295: gcc -o conftest   -g -O2   conftest.c -lmysqlclient  -lXpm -lXm   -lSM -lICE -lXt -lX11  -lm -lncurses -L/usr/local/lib   1>&5
/usr/bin/ld: cannot find -lmysqlclient
collect2: error: ld returned 1 exit status
configure: failed program was:
#line 5284 "configure"
#include "confdefs.h"
/* Override any gcc2 internal prototype to avoid an error.  */
/* We use char because int might match the return type of a gcc2
    builtin and then its argument prototype would still apply.  */
char mysql_connect();

int main() {
mysql_connect()
; return 0; }
configure:5333: checking for working const
configure:5387: gcc -c   -g -O2  conftest.c 1>&5
configure:5408: checking for inline
configure:5422: gcc -c   -g -O2  conftest.c 1>&5
configure:5418:10: warning: return type defaults to 'int' [-Wimplicit-int]
 } $ac_kw foo() {
          ^~~
configure:5448: checking for size_t
configure:5481: checking whether time.h and sys/time.h may both be included
configure:5495: gcc -c   -g -O2  conftest.c 1>&5
configure:5516: checking whether struct tm is in sys/time.h or time.h
configure:5529: gcc -c   -g -O2  conftest.c 1>&5
configure:5550: checking for tm_zone in struct tm
configure:5563: gcc -c   -g -O2  conftest.c 1>&5
configure:5623: checking for working alloca.h
configure:5635: gcc -o conftest   -g -O2   conftest.c -lXpm -lXm   -lSM -lICE -lXt -lX11  -lm -lncurses -L/usr/local/lib   1>&5
configure:5656: checking for alloca
configure:5689: gcc -o conftest   -g -O2   conftest.c -lXpm -lXm   -lSM -lICE -lXt -lX11  -lm -lncurses -L/usr/local/lib   1>&5
configure:5855: checking return type of signal handlers
configure:5877: gcc -c   -g -O2  conftest.c 1>&5
configure:5896: checking for strftime
configure:5924: gcc -o conftest   -g -O2   conftest.c -lXpm -lXm   -lSM -lICE -lXt -lX11  -lm -lncurses -L/usr/local/lib   1>&5
configure:5908:6: warning: conflicting types for built-in function 'strftime' [-Wbuiltin-declaration-mismatch]
 char strftime();
      ^~~~~~~~
configure:5992: checking for vprintf
configure:6020: gcc -o conftest   -g -O2   conftest.c -lXpm -lXm   -lSM -lICE -lXt -lX11  -lm -lncurses -L/usr/local/lib   1>&5
configure:6004:6: warning: conflicting types for built-in function 'vprintf' [-Wbuiltin-declaration-mismatch]
 char vprintf();
      ^~~~~~~
configure:6099: checking for ftime
configure:6127: gcc -o conftest   -g -O2   conftest.c -lXpm -lXm   -lSM -lICE -lXt -lX11  -lm -lncurses -L/usr/local/lib   1>&5
configure:6099: checking for gethostname
configure:6127: gcc -o conftest   -g -O2   conftest.c -lXpm -lXm   -lSM -lICE -lXt -lX11  -lm -lncurses -L/usr/local/lib   1>&5
configure:6099: checking for gettimeofday
configure:6127: gcc -o conftest   -g -O2   conftest.c -lXpm -lXm   -lSM -lICE -lXt -lX11  -lm -lncurses -L/usr/local/lib   1>&5
configure:6099: checking for mktime
configure:6127: gcc -o conftest   -g -O2   conftest.c -lXpm -lXm   -lSM -lICE -lXt -lX11  -lm -lncurses -L/usr/local/lib   1>&5
configure:6099: checking for select
configure:6127: gcc -o conftest   -g -O2   conftest.c -lXpm -lXm   -lSM -lICE -lXt -lX11  -lm -lncurses -L/usr/local/lib   1>&5
configure:6099: checking for strdup
configure:6127: gcc -o conftest   -g -O2   conftest.c -lXpm -lXm   -lSM -lICE -lXt -lX11  -lm -lncurses -L/usr/local/lib   1>&5
configure:6111:6: warning: conflicting types for built-in function 'strdup' [-Wbuiltin-declaration-mismatch]
 char $ac_func();
      ^~~~~~
configure:6099: checking for strstr
configure:6127: gcc -o conftest   -g -O2   conftest.c -lXpm -lXm   -lSM -lICE -lXt -lX11  -lm -lncurses -L/usr/local/lib   1>&5
configure:6111:6: warning: conflicting types for built-in function 'strstr' [-Wbuiltin-declaration-mismatch]
 char $ac_func();
      ^~~~~~
configure:6154: checking for putenv
configure:6182: gcc -o conftest   -g -O2   conftest.c -lXpm -lXm   -lSM -lICE -lXt -lX11  -lm -lncurses -L/usr/local/lib   1>&5
configure:6154: checking for strcasecmp
configure:6182: gcc -o conftest   -g -O2   conftest.c -lXpm -lXm   -lSM -lICE -lXt -lX11  -lm -lncurses -L/usr/local/lib   1>&5
configure:6166:6: warning: conflicting types for built-in function 'strcasecmp' [-Wbuiltin-declaration-mismatch]
 char $ac_func();
      ^~~~~~~~~~
configure:6154: checking for strerror
configure:6182: gcc -o conftest   -g -O2   conftest.c -lXpm -lXm   -lSM -lICE -lXt -lX11  -lm -lncurses -L/usr/local/lib   1>&5
configure:6154: checking for getcwd
configure:6182: gcc -o conftest   -g -O2   conftest.c -lXpm -lXm   -lSM -lICE -lXt -lX11  -lm -lncurses -L/usr/local/lib   1>&5
configure:6154: checking for rename
configure:6182: gcc -o conftest   -g -O2   conftest.c -lXpm -lXm   -lSM -lICE -lXt -lX11  -lm -lncurses -L/usr/local/lib   1>&5
configure:6210: checking for sys/time.h
configure:6210: checking for unistd.h
configure:6249: checking for alarm
configure:6277: gcc -o conftest   -g -O2   conftest.c -lXpm -lXm   -lSM -lICE -lXt -lX11  -lm -lncurses -L/usr/local/lib   1>&5
configure:6302: checking for working mktime
configure:6459: gcc -o conftest   -g -O2   conftest.c -lXpm -lXm   -lSM -lICE -lXt -lX11  -lm -lncurses -L/usr/local/lib   1>&5
configure: In function 'spring_forward_gap':
configure:6356:3: warning: implicit declaration of function 'putenv' [-Wimplicit-function-declaration]
   putenv ("TZ=PST8PDT,M4.1.0,M10.5.0");
   ^~~~~~
configure:6366:5: warning: implicit declaration of function 'exit' [-Wimplicit-function-declaration]
     exit (1);
     ^~~~
configure:6366:5: warning: incompatible implicit declaration of built-in function 'exit'
configure:6366:5: note: include '<stdlib.h>' or provide a declaration of 'exit'
configure: In function 'mktime_test':
configure:6375:5: warning: incompatible implicit declaration of built-in function 'exit'
     exit (1);
     ^~~~
configure:6375:5: note: include '<stdlib.h>' or provide a declaration of 'exit'
configure:6378:5: warning: incompatible implicit declaration of built-in function 'exit'
     exit (1);
     ^~~~
configure:6378:5: note: include '<stdlib.h>' or provide a declaration of 'exit'
configure: In function 'irix_6_4_bug':
configure:6395:5: warning: incompatible implicit declaration of built-in function 'exit'
     exit (1);
     ^~~~
configure:6395:5: note: include '<stdlib.h>' or provide a declaration of 'exit'
configure: In function 'bigtime_test':
configure:6424:2: warning: incompatible implicit declaration of built-in function 'exit'
  exit (1);
  ^~~~
configure:6424:2: note: include '<stdlib.h>' or provide a declaration of 'exit'
configure: In function 'main':
configure:6454:3: warning: incompatible implicit declaration of built-in function 'exit'
   exit (0);
   ^~~~
configure:6454:3: note: include '<stdlib.h>' or provide a declaration of 'exit'
configure: failed program was:
#line 6310 "configure"
#include "confdefs.h"
/* Test program from Paul Eggert (eggert@twinsun.com)
   and Tony Leneis (tony@plaza.ds.adp.com).  */
#if TIME_WITH_SYS_TIME
# include <sys/time.h>
# include <time.h>
#else
# if HAVE_SYS_TIME_H
#  include <sys/time.h>
# else
#  include <time.h>
# endif
#endif

#if HAVE_UNISTD_H
# include <unistd.h>
#endif

#if !HAVE_ALARM
# define alarm(X) /* empty */
#endif

/* Work around redefinition to rpl_putenv by other config tests.  */
#undef putenv

static time_t time_t_max;

/* Values we'll use to set the TZ environment variable.  */
static const char *const tz_strings[] = {
  (const char *) 0, "TZ=GMT0", "TZ=JST-9",
  "TZ=EST+3EDT+2,M10.1.0/00:00:00,M2.3.0/00:00:00"
};
#define N_STRINGS (sizeof (tz_strings) / sizeof (tz_strings[0]))

/* Fail if mktime fails to convert a date in the spring-forward gap.
   Based on a problem report from Andreas Jaeger.  */
static void
spring_forward_gap ()
{
  /* glibc (up to about 1998-10-07) failed this test) */
  struct tm tm;

  /* Use the portable POSIX.1 specification "TZ=PST8PDT,M4.1.0,M10.5.0"
     instead of "TZ=America/Vancouver" in order to detect the bug even
     on systems that don't support the Olson extension, or don't have the
     full zoneinfo tables installed.  */
  putenv ("TZ=PST8PDT,M4.1.0,M10.5.0");

  tm.tm_year = 98;
  tm.tm_mon = 3;
  tm.tm_mday = 5;
  tm.tm_hour = 2;
  tm.tm_min = 0;
  tm.tm_sec = 0;
  tm.tm_isdst = -1;
  if (mktime (&tm) == (time_t)-1)
    exit (1);
}

static void
mktime_test (now)
     time_t now;
{
  struct tm *lt;
  if ((lt = localtime (&now)) && mktime (lt) != now)
    exit (1);
  now = time_t_max - now;
  if ((lt = localtime (&now)) && mktime (lt) != now)
    exit (1);
}

static void
irix_6_4_bug ()
{
  /* Based on code from Ariel Faigon.  */
  struct tm tm;
  tm.tm_year = 96;
  tm.tm_mon = 3;
  tm.tm_mday = 0;
  tm.tm_hour = 0;
  tm.tm_min = 0;
  tm.tm_sec = 0;
  tm.tm_isdst = -1;
  mktime (&tm);
  if (tm.tm_mon != 2 || tm.tm_mday != 31)
    exit (1);
}

static void
bigtime_test (j)
     int j;
{
  struct tm tm;
  time_t now;
  tm.tm_year = tm.tm_mon = tm.tm_mday = tm.tm_hour = tm.tm_min = tm.tm_sec = j;
  /* This test makes some buggy mktime implementations loop.
     Give up after 10 seconds.  */
  alarm (10);
  now = mktime (&tm);
  alarm (0);
  if (now != (time_t) -1)
    {
      struct tm *lt = localtime (&now);
      if (! (lt
	     && lt->tm_year == tm.tm_year
	     && lt->tm_mon == tm.tm_mon
	     && lt->tm_mday == tm.tm_mday
	     && lt->tm_hour == tm.tm_hour
	     && lt->tm_min == tm.tm_min
	     && lt->tm_sec == tm.tm_sec
	     && lt->tm_yday == tm.tm_yday
	     && lt->tm_wday == tm.tm_wday
	     && ((lt->tm_isdst < 0 ? -1 : 0 < lt->tm_isdst)
		  == (tm.tm_isdst < 0 ? -1 : 0 < tm.tm_isdst))))
	exit (1);
    }
}

int
main ()
{
  time_t t, delta;
  int i, j;

  for (time_t_max = 1; 0 < time_t_max; time_t_max *= 2)
    continue;
  time_t_max--;
  delta = time_t_max / 997; /* a suitable prime number */
  for (i = 0; i < N_STRINGS; i++)
    {
      if (tz_strings[i])
	putenv (tz_strings[i]);

      for (t = 0; t <= time_t_max - delta; t += delta)
	mktime_test (t);
      mktime_test ((time_t) 60 * 60);
      mktime_test ((time_t) 60 * 60 * 24);

      for (j = 1; 0 < j; j *= 2)
        bigtime_test (j);
      bigtime_test (j - 1);
    }
  irix_6_4_bug ();
  spring_forward_gap ();
  exit (0);
}
	      
configure:6480: checking for obstacks
configure:6492: gcc -o conftest   -g -O2   conftest.c -lXpm -lXm   -lSM -lICE -lXt -lX11  -lm -lncurses -L/usr/local/lib   1>&5
configure:6516: checking for cupsGetPrinters in -lcups
configure:6535: gcc -o conftest   -g -O2   conftest.c -lcups  -lXpm -lXm   -lSM -lICE -lXt -lX11  -lm -lncurses -L/usr/local/lib   1>&5
/usr/bin/ld: cannot find -lcups
collect2: error: ld returned 1 exit status
configure: failed program was:
#line 6524 "configure"
#include "confdefs.h"
/* Override any gcc2 internal prototype to avoid an error.  */
/* We use char because int might match the return type of a gcc2
    builtin and then its argument prototype would still apply.  */
char cupsGetPrinters();

int main() {
cupsGetPrinters()
; return 0; }
configure:6568: checking for c++
configure:6600: checking whether the C++ compiler (c++  ) works
configure:6616: c++ -o conftest    conftest.C -lXpm -lXm   -lSM -lICE -lXt -lX11  -lm -lncurses -L/usr/local/lib   1>&5
configure:6643: checking whether the C++ compiler (c++  ) is a cross-compiler
configure:6652: checking whether we are using GNU C++
configure:6661: c++ -E conftest.C
configure:6679: checking whether c++ accepts -g
configure:6721: checking for main in -lxbase
configure:6736: c++ -o conftest -g -O2   conftest.C -lxbase  -lXpm -lXm   -lSM -lICE -lXt -lX11  -lm -lncurses -L/usr/local/lib   1>&5
/usr/bin/ld: cannot find -lxbase
collect2: error: ld returned 1 exit status
configure: failed program was:
#line 6729 "configure"
#include "confdefs.h"

int main() {
main()
; return 0; }
configure:6765: checking for main in -lxdb
configure:6780: c++ -o conftest -g -O2   conftest.C -lxdb  -lXpm -lXm   -lSM -lICE -lXt -lX11  -lm -lncurses -L/usr/local/lib   1>&5
/usr/bin/ld: cannot find -lxdb
collect2: error: ld returned 1 exit status
configure: failed program was:
#line 6773 "configure"
#include "confdefs.h"

int main() {
main()
; return 0; }
configure:6847: checking for off_t
configure:6883: checking for unistd.h
configure:6922: checking for getpagesize
configure:6950: gcc -o conftest   -g -O2   conftest.c -lXpm -lXm   -lSM -lICE -lXt -lX11  -lm -lncurses -L/usr/local/lib   1>&5
configure:6975: checking for working mmap
configure:7123: gcc -o conftest   -g -O2   conftest.c -lXpm -lXm   -lSM -lICE -lXt -lX11  -lm -lncurses -L/usr/local/lib   1>&5
configure:7054:7: warning: conflicting types for built-in function 'malloc' [-Wbuiltin-declaration-mismatch]
 char *malloc();
       ^~~~~~
configure: In function 'main':
configure:7064:13: warning: implicit declaration of function 'getpagesize' [-Wimplicit-function-declaration]
  pagesize = getpagesize();
             ^~~~~~~~~~~
configure:7071:3: warning: implicit declaration of function 'exit' [-Wimplicit-function-declaration]
   exit(1);
   ^~~~
configure:7071:3: warning: incompatible implicit declaration of built-in function 'exit'
configure:7071:3: note: include '<stdlib.h>' or provide a declaration of 'exit'
configure:7073:17: warning: implicit declaration of function 'rand' [-Wimplicit-function-declaration]
   *(data + i) = rand();
                 ^~~~
configure:7074:2: warning: implicit declaration of function 'umask' [-Wimplicit-function-declaration]
  umask(0);
  ^~~~~
configure:7077:3: warning: incompatible implicit declaration of built-in function 'exit'
   exit(1);
   ^~~~
configure:7077:3: note: include '<stdlib.h>' or provide a declaration of 'exit'
configure:7078:6: warning: implicit declaration of function 'write' [-Wimplicit-function-declaration]
  if (write(fd, data, pagesize) != pagesize)
      ^~~~~
configure:7079:3: warning: incompatible implicit declaration of built-in function 'exit'
   exit(1);
   ^~~~
configure:7079:3: note: include '<stdlib.h>' or provide a declaration of 'exit'
configure:7080:2: warning: implicit declaration of function 'close' [-Wimplicit-function-declaration]
  close(fd);
  ^~~~~
configure:7089:3: warning: incompatible implicit declaration of built-in function 'exit'
   exit(1);
   ^~~~
configure:7089:3: note: include '<stdlib.h>' or provide a declaration of 'exit'
configure:7092:3: warning: incompatible implicit declaration of built-in function 'exit'
   exit(1);
   ^~~~
configure:7092:3: note: include '<stdlib.h>' or provide a declaration of 'exit'
configure:7093:24: warning: cast from pointer to integer of different size [-Wpointer-to-int-cast]
  data2 += (pagesize - ((int) data2 & (pagesize - 1))) & (pagesize - 1);
                        ^
configure:7096:3: warning: incompatible implicit declaration of built-in function 'exit'
   exit(1);
   ^~~~
configure:7096:3: note: include '<stdlib.h>' or provide a declaration of 'exit'
configure:7099:4: warning: incompatible implicit declaration of built-in function 'exit'
    exit(1);
    ^~~~
configure:7099:4: note: include '<stdlib.h>' or provide a declaration of 'exit'
configure:7110:3: warning: incompatible implicit declaration of built-in function 'exit'
   exit(1);
   ^~~~
configure:7110:3: note: include '<stdlib.h>' or provide a declaration of 'exit'
configure:7111:6: warning: implicit declaration of function 'read'; did you mean 'creat'? [-Wimplicit-function-declaration]
  if (read(fd, data3, pagesize) != pagesize)
      ^~~~
      creat
configure:7112:3: warning: incompatible implicit declaration of built-in function 'exit'
   exit(1);
   ^~~~
configure:7112:3: note: include '<stdlib.h>' or provide a declaration of 'exit'
configure:7115:4: warning: incompatible implicit declaration of built-in function 'exit'
    exit(1);
    ^~~~
configure:7115:4: note: include '<stdlib.h>' or provide a declaration of 'exit'
configure:7117:2: warning: implicit declaration of function 'unlink'; did you mean 'munlock'? [-Wimplicit-function-declaration]
  unlink("conftestmmap");
  ^~~~~~
  munlock
configure:7118:2: warning: incompatible implicit declaration of built-in function 'exit'
  exit(0);
  ^~~~
configure:7118:2: note: include '<stdlib.h>' or provide a declaration of 'exit'
configure:7151: checking for argz.h
configure:7161: gcc -E  conftest.c >/dev/null 2>conftest.out
configure:7151: checking for limits.h
configure:7151: checking for locale.h
configure:7151: checking for nl_types.h
configure:7161: gcc -E  conftest.c >/dev/null 2>conftest.out
configure:7151: checking for malloc.h
configure:7151: checking for string.h
configure:7161: gcc -E  conftest.c >/dev/null 2>conftest.out
configure:7151: checking for unistd.h
configure:7151: checking for sys/param.h
configure:7161: gcc -E  conftest.c >/dev/null 2>conftest.out
configure:7191: checking for getcwd
configure:7191: checking for munmap
configure:7219: gcc -o conftest   -g -O2   conftest.c -lXpm -lXm   -lSM -lICE -lXt -lX11  -lm -lncurses -L/usr/local/lib   1>&5
configure:7191: checking for putenv
configure:7191: checking for setenv
configure:7219: gcc -o conftest   -g -O2   conftest.c -lXpm -lXm   -lSM -lICE -lXt -lX11  -lm -lncurses -L/usr/local/lib   1>&5
configure:7191: checking for setlocale
configure:7219: gcc -o conftest   -g -O2   conftest.c -lXpm -lXm   -lSM -lICE -lXt -lX11  -lm -lncurses -L/usr/local/lib   1>&5
configure:7191: checking for strchr
configure:7219: gcc -o conftest   -g -O2   conftest.c -lXpm -lXm   -lSM -lICE -lXt -lX11  -lm -lncurses -L/usr/local/lib   1>&5
configure:7203:6: warning: conflicting types for built-in function 'strchr' [-Wbuiltin-declaration-mismatch]
 char $ac_func();
      ^~~~~~
configure:7191: checking for strcasecmp
configure:7191: checking for strdup
configure:7191: checking for __argz_count
configure:7219: gcc -o conftest   -g -O2   conftest.c -lXpm -lXm   -lSM -lICE -lXt -lX11  -lm -lncurses -L/usr/local/lib   1>&5
configure:7191: checking for __argz_stringify
configure:7219: gcc -o conftest   -g -O2   conftest.c -lXpm -lXm   -lSM -lICE -lXt -lX11  -lm -lncurses -L/usr/local/lib   1>&5
configure:7191: checking for __argz_next
configure:7219: gcc -o conftest   -g -O2   conftest.c -lXpm -lXm   -lSM -lICE -lXt -lX11  -lm -lncurses -L/usr/local/lib   1>&5
configure:7248: checking for stpcpy
configure:7276: gcc -o conftest   -g -O2   conftest.c -lXpm -lXm   -lSM -lICE -lXt -lX11  -lm -lncurses -L/usr/local/lib   1>&5
configure:7260:6: warning: conflicting types for built-in function 'stpcpy' [-Wbuiltin-declaration-mismatch]
 char $ac_func();
      ^~~~~~
configure:7310: checking for LC_MESSAGES
configure:7322: gcc -o conftest   -g -O2   conftest.c -lXpm -lXm   -lSM -lICE -lXt -lX11  -lm -lncurses -L/usr/local/lib   1>&5
configure:7343: checking whether NLS is requested
configure:7363: checking whether included gettext is requested
configure:7382: checking for libintl.h
configure:7409: checking for gettext in libc
configure:7421: gcc -o conftest   -g -O2   conftest.c -lXpm -lXm   -lSM -lICE -lXt -lX11  -lm -lncurses -L/usr/local/lib   1>&5
configure: In function 'main':
configure:7417:8: warning: cast from pointer to integer of different size [-Wpointer-to-int-cast]
 return (int) gettext ("")
        ^
configure:7535: checking for msgfmt
configure:7569: checking for dcgettext
configure:7597: gcc -o conftest   -g -O2   conftest.c -lXpm -lXm   -lSM -lICE -lXt -lX11  -lm -lncurses -L/usr/local/lib   1>&5
configure:7581:6: warning: conflicting types for built-in function 'dcgettext' [-Wbuiltin-declaration-mismatch]
 char $ac_func();
      ^~~~~~~~~
configure:7624: checking for gmsgfmt
configure:7660: checking for xgettext
configure:7700: gcc -o conftest   -g -O2   conftest.c -lXpm -lXm   -lSM -lICE -lXt -lX11  -lm -lncurses -L/usr/local/lib   1>&5
configure:8158: checking for catalogs to be installed
